
2023-08-09 04:54:32 [INFO] src/main.rs:117 Spawned new thread!
2023-08-09 04:54:32 [WARN] src/main.rs:224 No message from rx this time.
2023-08-09 04:54:32 [WARN] src/main.rs:224 No message from rx this time.
2023-08-09 04:54:32 [WARN] src/main.rs:224 No message from rx this time.
2023-08-09 04:54:32 [WARN] src/main.rs:224 No message from rx this time.
2023-08-09 04:54:32 [WARN] src/main.rs:224 No message from rx this time.
2023-08-09 04:54:33 [WARN] src/main.rs:224 No message from rx this time.
2023-08-09 04:54:33 [WARN] src/main.rs:224 No message from rx this time.
2023-08-09 04:54:33 [WARN] src/main.rs:224 No message from rx this time.
2023-08-09 04:54:33 [WARN] src/main.rs:224 No message from rx this time.
2023-08-09 04:54:33 [WARN] src/main.rs:224 No message from rx this time.
2023-08-09 04:54:33 [WARN] src/main.rs:224 No message from rx this time.
2023-08-09 04:54:33 [WARN] src/main.rs:224 No message from rx this time.
2023-08-09 04:54:33 [WARN] src/main.rs:224 No message from rx this time.
2023-08-09 04:54:33 [WARN] src/main.rs:224 No message from rx this time.
2023-08-09 04:54:33 [WARN] src/main.rs:224 No message from rx this time.
2023-08-09 04:54:33 [WARN] src/main.rs:224 No message from rx this time.
2023-08-09 04:54:33 [WARN] src/main.rs:224 No message from rx this time.
2023-08-09 04:54:33 [WARN] src/main.rs:224 No message from rx this time.
2023-08-09 04:54:33 [WARN] src/main.rs:224 No message from rx this time.
2023-08-09 04:54:33 [WARN] src/main.rs:224 No message from rx this time.
2023-08-09 04:54:33 [WARN] src/main.rs:224 No message from rx this time.
2023-08-09 04:54:33 [WARN] src/main.rs:224 No message from rx this time.
2023-08-09 04:54:33 [WARN] src/main.rs:224 No message from rx this time.
2023-08-09 04:54:33 [WARN] src/main.rs:224 No message from rx this time.
2023-08-09 04:54:34 [WARN] src/main.rs:224 No message from rx this time.
2023-08-09 04:54:34 [WARN] src/main.rs:224 No message from rx this time.
2023-08-09 04:54:34 [WARN] src/main.rs:224 No message from rx this time.
2023-08-09 04:54:34 [WARN] src/main.rs:224 No message from rx this time.
2023-08-09 04:54:34 [WARN] src/main.rs:224 No message from rx this time.
2023-08-09 04:54:34 [INFO] src/main.rs:123 Input handling thread detected Down input
2023-08-09 04:54:34 [WARN] src/main.rs:224 No message from rx this time.
2023-08-09 04:54:34 [WARN] src/main.rs:224 No message from rx this time.
2023-08-09 04:54:34 [WARN] src/main.rs:224 No message from rx this time.
2023-08-09 04:54:34 [WARN] src/main.rs:224 No message from rx this time.
2023-08-09 04:54:34 [WARN] src/main.rs:224 No message from rx this time.
2023-08-09 04:54:34 [INFO] src/main.rs:123 Input handling thread detected Down input
2023-08-09 04:54:34 [WARN] src/main.rs:224 No message from rx this time.
2023-08-09 04:54:34 [WARN] src/main.rs:224 No message from rx this time.
2023-08-09 04:54:34 [INFO] src/main.rs:123 Input handling thread detected Down input
2023-08-09 04:54:34 [WARN] src/main.rs:224 No message from rx this time.
2023-08-09 04:54:34 [WARN] src/main.rs:224 No message from rx this time.
2023-08-09 04:54:34 [WARN] src/main.rs:224 No message from rx this time.
2023-08-09 04:54:34 [INFO] src/main.rs:123 Input handling thread detected Down input
2023-08-09 04:54:35 [WARN] src/main.rs:224 No message from rx this time.
2023-08-09 04:54:35 [WARN] src/main.rs:224 No message from rx this time.
2023-08-09 04:54:35 [WARN] src/main.rs:224 No message from rx this time.
2023-08-09 04:54:35 [WARN] src/main.rs:224 No message from rx this time.
2023-08-09 04:54:35 [WARN] src/main.rs:224 No message from rx this time.
2023-08-09 04:54:35 [WARN] src/main.rs:224 No message from rx this time.
2023-08-09 04:54:35 [INFO] src/main.rs:123 Input handling thread detected Right input
2023-08-09 04:54:35 [WARN] src/main.rs:224 No message from rx this time.
2023-08-09 04:54:35 [WARN] src/main.rs:224 No message from rx this time.
2023-08-09 04:54:35 [WARN] src/main.rs:224 No message from rx this time.
2023-08-09 04:54:35 [INFO] src/main.rs:123 Input handling thread detected Right input
2023-08-09 04:54:35 [WARN] src/main.rs:224 No message from rx this time.
2023-08-09 04:54:35 [WARN] src/main.rs:224 No message from rx this time.
2023-08-09 04:54:35 [INFO] src/main.rs:123 Input handling thread detected Right input
2023-08-09 04:54:35 [WARN] src/main.rs:224 No message from rx this time.
2023-08-09 04:54:35 [WARN] src/main.rs:224 No message from rx this time.
2023-08-09 04:54:35 [WARN] src/main.rs:224 No message from rx this time.
2023-08-09 04:54:35 [INFO] src/main.rs:123 Input handling thread detected Right input
2023-08-09 04:54:35 [WARN] src/main.rs:224 No message from rx this time.
2023-08-09 04:54:36 [WARN] src/main.rs:224 No message from rx this time.
2023-08-09 04:54:36 [WARN] src/main.rs:224 No message from rx this time.
2023-08-09 04:54:36 [WARN] src/main.rs:224 No message from rx this time.
2023-08-09 04:54:36 [WARN] src/main.rs:224 No message from rx this time.
2023-08-09 04:54:36 [WARN] src/main.rs:224 No message from rx this time.
2023-08-09 04:54:36 [INFO] src/main.rs:123 Input handling thread detected Down input
2023-08-09 04:54:36 [WARN] src/main.rs:224 No message from rx this time.
2023-08-09 04:54:36 [WARN] src/main.rs:224 No message from rx this time.
2023-08-09 04:54:36 [INFO] src/main.rs:123 Input handling thread detected Down input
2023-08-09 04:54:36 [WARN] src/main.rs:224 No message from rx this time.
2023-08-09 04:54:36 [WARN] src/main.rs:224 No message from rx this time.
2023-08-09 04:54:36 [WARN] src/main.rs:224 No message from rx this time.
2023-08-09 04:54:36 [INFO] src/main.rs:123 Input handling thread detected Down input
2023-08-09 04:54:36 [WARN] src/main.rs:224 No message from rx this time.
2023-08-09 04:54:36 [WARN] src/main.rs:224 No message from rx this time.
2023-08-09 04:54:36 [INFO] src/main.rs:123 Input handling thread detected Down input
2023-08-09 04:54:36 [WARN] src/main.rs:224 No message from rx this time.
2023-08-09 04:54:36 [WARN] src/main.rs:224 No message from rx this time.
2023-08-09 04:54:36 [WARN] src/main.rs:224 No message from rx this time.
2023-08-09 04:54:37 [WARN] src/main.rs:224 No message from rx this time.
2023-08-09 04:54:37 [WARN] src/main.rs:224 No message from rx this time.
2023-08-09 04:54:37 [WARN] src/main.rs:224 No message from rx this time.
2023-08-09 04:54:37 [WARN] src/main.rs:224 No message from rx this time.
2023-08-09 04:54:37 [WARN] src/main.rs:224 No message from rx this time.
2023-08-09 04:54:37 [WARN] src/main.rs:224 No message from rx this time.
2023-08-09 04:54:37 [WARN] src/main.rs:224 No message from rx this time.
2023-08-09 04:54:37 [WARN] src/main.rs:224 No message from rx this time.
2023-08-09 04:54:37 [WARN] src/main.rs:224 No message from rx this time.
2023-08-09 04:54:37 [WARN] src/main.rs:224 No message from rx this time.
2023-08-09 04:54:37 [WARN] src/main.rs:224 No message from rx this time.
2023-08-09 04:54:37 [WARN] src/main.rs:224 No message from rx this time.
2023-08-09 04:54:37 [WARN] src/main.rs:224 No message from rx this time.
2023-08-09 04:54:37 [WARN] src/main.rs:224 No message from rx this time.
2023-08-09 04:54:37 [WARN] src/main.rs:224 No message from rx this time.
2023-08-09 04:54:37 [INFO] src/main.rs:123 Input handling thread detected Char(
    'q',
) input
